2018-12-18 10:24:23,969 0      [           main] DEBUG ache.ibatis.logging.LogFactory  - Logging initialized using 'class org.apache.ibatis.logging.log4j.Log4jImpl' adapter.
2018-12-18 10:24:24,328 359    [           main] DEBUG source.pooled.PooledDataSource  - PooledDataSource forcefully closed/removed all connections.
2018-12-18 10:24:24,328 359    [           main] DEBUG source.pooled.PooledDataSource  - PooledDataSource forcefully closed/removed all connections.
2018-12-18 10:24:24,328 359    [           main] DEBUG source.pooled.PooledDataSource  - PooledDataSource forcefully closed/removed all connections.
2018-12-18 10:24:24,328 359    [           main] DEBUG source.pooled.PooledDataSource  - PooledDataSource forcefully closed/removed all connections.
2018-12-18 10:24:25,188 1219   [           main] DEBUG ansaction.jdbc.JdbcTransaction  - Opening JDBC Connection
2018-12-18 10:24:26,672 2703   [           main] DEBUG source.pooled.PooledDataSource  - Created connection 11249189.
2018-12-18 10:24:26,672 2703   [           main] DEBUG ansaction.jdbc.JdbcTransaction  - Setting autocommit to false on JDBC Connection [com.mysql.jdbc.JDBC4Connection@aba625]
2018-12-18 10:24:26,703 2734   [           main] DEBUG om.itheima.dao.UserDao.findAll  - ==>  Preparing: select * from user 
2018-12-18 10:24:26,828 2859   [           main] DEBUG om.itheima.dao.UserDao.findAll  - ==> Parameters: 
2018-12-18 10:24:26,891 2922   [           main] DEBUG om.itheima.dao.UserDao.findAll  - <==      Total: 6
2018-12-18 10:24:26,938 2969   [           main] DEBUG ansaction.jdbc.JdbcTransaction  - Resetting autocommit to true on JDBC Connection [com.mysql.jdbc.JDBC4Connection@aba625]
2018-12-18 10:24:26,969 3000   [           main] DEBUG ansaction.jdbc.JdbcTransaction  - Closing JDBC Connection [com.mysql.jdbc.JDBC4Connection@aba625]
2018-12-18 10:24:26,969 3000   [           main] DEBUG source.pooled.PooledDataSource  - Returned connection 11249189 to pool.
2018-12-18 10:45:13,333 0      [           main] DEBUG ache.ibatis.logging.LogFactory  - Logging initialized using 'class org.apache.ibatis.logging.log4j.Log4jImpl' adapter.
2018-12-18 10:45:13,598 265    [           main] DEBUG source.pooled.PooledDataSource  - PooledDataSource forcefully closed/removed all connections.
2018-12-18 10:45:13,614 281    [           main] DEBUG source.pooled.PooledDataSource  - PooledDataSource forcefully closed/removed all connections.
2018-12-18 10:45:13,614 281    [           main] DEBUG source.pooled.PooledDataSource  - PooledDataSource forcefully closed/removed all connections.
2018-12-18 10:45:13,614 281    [           main] DEBUG source.pooled.PooledDataSource  - PooledDataSource forcefully closed/removed all connections.
2018-12-18 10:45:13,802 469    [           main] DEBUG ansaction.jdbc.JdbcTransaction  - Opening JDBC Connection
2018-12-18 10:45:14,552 1219   [           main] DEBUG source.pooled.PooledDataSource  - Created connection 2068598972.
2018-12-18 10:45:14,552 1219   [           main] DEBUG ansaction.jdbc.JdbcTransaction  - Setting autocommit to false on JDBC Connection [com.mysql.jdbc.JDBC4Connection@7b4c50bc]
2018-12-18 10:45:14,583 1250   [           main] DEBUG    com.itheima.dao.UserDao.add  - ==>  Preparing: insert into user values(null,?,?,?,?) 
2018-12-18 10:45:14,849 1516   [           main] DEBUG    com.itheima.dao.UserDao.add  - ==> Parameters: 喜羊羊(String), 2018-12-18 10:45:13.786(Timestamp), 男(String), 1005(String)
2018-12-18 10:45:15,005 1672   [           main] DEBUG    com.itheima.dao.UserDao.add  - <==    Updates: 1
2018-12-18 10:45:15,005 1672   [           main] DEBUG ansaction.jdbc.JdbcTransaction  - Committing JDBC Connection [com.mysql.jdbc.JDBC4Connection@7b4c50bc]
2018-12-18 10:45:15,067 1734   [           main] DEBUG ansaction.jdbc.JdbcTransaction  - Resetting autocommit to true on JDBC Connection [com.mysql.jdbc.JDBC4Connection@7b4c50bc]
2018-12-18 10:45:15,083 1750   [           main] DEBUG ansaction.jdbc.JdbcTransaction  - Closing JDBC Connection [com.mysql.jdbc.JDBC4Connection@7b4c50bc]
2018-12-18 10:45:15,083 1750   [           main] DEBUG source.pooled.PooledDataSource  - Returned connection 2068598972 to pool.
2018-12-18 10:45:32,194 0      [           main] DEBUG ache.ibatis.logging.LogFactory  - Logging initialized using 'class org.apache.ibatis.logging.log4j.Log4jImpl' adapter.
2018-12-18 10:45:32,428 234    [           main] DEBUG source.pooled.PooledDataSource  - PooledDataSource forcefully closed/removed all connections.
2018-12-18 10:45:32,428 234    [           main] DEBUG source.pooled.PooledDataSource  - PooledDataSource forcefully closed/removed all connections.
2018-12-18 10:45:32,428 234    [           main] DEBUG source.pooled.PooledDataSource  - PooledDataSource forcefully closed/removed all connections.
2018-12-18 10:45:32,428 234    [           main] DEBUG source.pooled.PooledDataSource  - PooledDataSource forcefully closed/removed all connections.
2018-12-18 10:45:32,600 406    [           main] DEBUG ansaction.jdbc.JdbcTransaction  - Opening JDBC Connection
2018-12-18 10:45:33,428 1234   [           main] DEBUG source.pooled.PooledDataSource  - Created connection 2068598972.
2018-12-18 10:45:33,428 1234   [           main] DEBUG ansaction.jdbc.JdbcTransaction  - Setting autocommit to false on JDBC Connection [com.mysql.jdbc.JDBC4Connection@7b4c50bc]
2018-12-18 10:45:33,444 1250   [           main] DEBUG com.itheima.dao.UserDao.update  - ==>  Preparing: update user set username=?,birthday=?,sex=?,address=?,where id={#id} 
2018-12-18 10:45:33,631 1437   [           main] DEBUG com.itheima.dao.UserDao.update  - ==> Parameters: 帅(String), 2018-12-18 10:45:32.584(Timestamp), 男(String), 1005(String)
2018-12-18 10:45:33,694 1500   [           main] DEBUG ansaction.jdbc.JdbcTransaction  - Committing JDBC Connection [com.mysql.jdbc.JDBC4Connection@7b4c50bc]
2018-12-18 10:45:33,741 1547   [           main] DEBUG ansaction.jdbc.JdbcTransaction  - Resetting autocommit to true on JDBC Connection [com.mysql.jdbc.JDBC4Connection@7b4c50bc]
2018-12-18 10:45:33,819 1625   [           main] DEBUG ansaction.jdbc.JdbcTransaction  - Closing JDBC Connection [com.mysql.jdbc.JDBC4Connection@7b4c50bc]
2018-12-18 10:45:33,819 1625   [           main] DEBUG source.pooled.PooledDataSource  - Returned connection 2068598972 to pool.
2018-12-18 10:46:29,505 0      [           main] DEBUG ache.ibatis.logging.LogFactory  - Logging initialized using 'class org.apache.ibatis.logging.log4j.Log4jImpl' adapter.
2018-12-18 10:46:29,880 375    [           main] DEBUG source.pooled.PooledDataSource  - PooledDataSource forcefully closed/removed all connections.
2018-12-18 10:46:29,880 375    [           main] DEBUG source.pooled.PooledDataSource  - PooledDataSource forcefully closed/removed all connections.
2018-12-18 10:46:29,880 375    [           main] DEBUG source.pooled.PooledDataSource  - PooledDataSource forcefully closed/removed all connections.
2018-12-18 10:46:29,880 375    [           main] DEBUG source.pooled.PooledDataSource  - PooledDataSource forcefully closed/removed all connections.
2018-12-18 10:46:30,114 609    [           main] DEBUG ansaction.jdbc.JdbcTransaction  - Opening JDBC Connection
2018-12-18 10:46:30,786 1281   [           main] DEBUG source.pooled.PooledDataSource  - Created connection 1485089044.
2018-12-18 10:46:30,786 1281   [           main] DEBUG ansaction.jdbc.JdbcTransaction  - Setting autocommit to false on JDBC Connection [com.mysql.jdbc.JDBC4Connection@5884a914]
2018-12-18 10:46:30,802 1297   [           main] DEBUG com.itheima.dao.UserDao.update  - ==>  Preparing: update user set username=?,birthday=?,sex=?,address=?,where id=? 
2018-12-18 10:46:30,989 1484   [           main] DEBUG com.itheima.dao.UserDao.update  - ==> Parameters: 帅(String), 2018-12-18 10:46:30.099(Timestamp), 男(String), 1005(String), 1(Integer)
2018-12-18 10:46:31,021 1516   [           main] DEBUG ansaction.jdbc.JdbcTransaction  - Committing JDBC Connection [com.mysql.jdbc.JDBC4Connection@5884a914]
2018-12-18 10:46:31,036 1531   [           main] DEBUG ansaction.jdbc.JdbcTransaction  - Resetting autocommit to true on JDBC Connection [com.mysql.jdbc.JDBC4Connection@5884a914]
2018-12-18 10:46:31,036 1531   [           main] DEBUG ansaction.jdbc.JdbcTransaction  - Closing JDBC Connection [com.mysql.jdbc.JDBC4Connection@5884a914]
2018-12-18 10:46:31,036 1531   [           main] DEBUG source.pooled.PooledDataSource  - Returned connection 1485089044 to pool.
2018-12-18 10:47:11,738 15     [           main] DEBUG ache.ibatis.logging.LogFactory  - Logging initialized using 'class org.apache.ibatis.logging.log4j.Log4jImpl' adapter.
2018-12-18 10:47:11,988 265    [           main] DEBUG source.pooled.PooledDataSource  - PooledDataSource forcefully closed/removed all connections.
2018-12-18 10:47:11,988 265    [           main] DEBUG source.pooled.PooledDataSource  - PooledDataSource forcefully closed/removed all connections.
2018-12-18 10:47:11,988 265    [           main] DEBUG source.pooled.PooledDataSource  - PooledDataSource forcefully closed/removed all connections.
2018-12-18 10:47:11,988 265    [           main] DEBUG source.pooled.PooledDataSource  - PooledDataSource forcefully closed/removed all connections.
2018-12-18 10:47:12,129 406    [           main] DEBUG ansaction.jdbc.JdbcTransaction  - Opening JDBC Connection
2018-12-18 10:47:12,770 1047   [           main] DEBUG source.pooled.PooledDataSource  - Created connection 2068598972.
2018-12-18 10:47:12,770 1047   [           main] DEBUG ansaction.jdbc.JdbcTransaction  - Setting autocommit to false on JDBC Connection [com.mysql.jdbc.JDBC4Connection@7b4c50bc]
2018-12-18 10:47:12,770 1047   [           main] DEBUG com.itheima.dao.UserDao.update  - ==>  Preparing: update user set username=?,birthday=?,sex=?,address=?,where id=? 
2018-12-18 10:47:13,020 1297   [           main] DEBUG com.itheima.dao.UserDao.update  - ==> Parameters: 帅(String), 2018-12-18 10:47:12.113(Timestamp), 男(String), 1005(String), 49(Integer)
2018-12-18 10:47:13,098 1375   [           main] DEBUG ansaction.jdbc.JdbcTransaction  - Committing JDBC Connection [com.mysql.jdbc.JDBC4Connection@7b4c50bc]
2018-12-18 10:47:13,223 1500   [           main] DEBUG ansaction.jdbc.JdbcTransaction  - Resetting autocommit to true on JDBC Connection [com.mysql.jdbc.JDBC4Connection@7b4c50bc]
2018-12-18 10:47:13,254 1531   [           main] DEBUG ansaction.jdbc.JdbcTransaction  - Closing JDBC Connection [com.mysql.jdbc.JDBC4Connection@7b4c50bc]
2018-12-18 10:47:13,254 1531   [           main] DEBUG source.pooled.PooledDataSource  - Returned connection 2068598972 to pool.
2018-12-18 10:54:11,270 0      [           main] DEBUG ache.ibatis.logging.LogFactory  - Logging initialized using 'class org.apache.ibatis.logging.log4j.Log4jImpl' adapter.
2018-12-18 10:54:11,516 246    [           main] DEBUG source.pooled.PooledDataSource  - PooledDataSource forcefully closed/removed all connections.
2018-12-18 10:54:11,516 246    [           main] DEBUG source.pooled.PooledDataSource  - PooledDataSource forcefully closed/removed all connections.
2018-12-18 10:54:11,516 246    [           main] DEBUG source.pooled.PooledDataSource  - PooledDataSource forcefully closed/removed all connections.
2018-12-18 10:54:11,516 246    [           main] DEBUG source.pooled.PooledDataSource  - PooledDataSource forcefully closed/removed all connections.
2018-12-18 10:54:11,685 415    [           main] DEBUG ansaction.jdbc.JdbcTransaction  - Opening JDBC Connection
2018-12-18 10:54:12,470 1200   [           main] DEBUG source.pooled.PooledDataSource  - Created connection 2068598972.
2018-12-18 10:54:12,471 1201   [           main] DEBUG ansaction.jdbc.JdbcTransaction  - Setting autocommit to false on JDBC Connection [com.mysql.jdbc.JDBC4Connection@7b4c50bc]
2018-12-18 10:54:12,579 1309   [           main] DEBUG com.itheima.dao.UserDao.update  - ==>  Preparing: update user set username=?,birthday=?,sex=?,address=?,where id=? 
2018-12-18 10:54:12,816 1546   [           main] DEBUG com.itheima.dao.UserDao.update  - ==> Parameters: 帅(String), 2018-12-18 10:54:11.66(Timestamp), 男(String), 1005(String), 48(Integer)
2018-12-18 10:54:12,872 1602   [           main] DEBUG ansaction.jdbc.JdbcTransaction  - Committing JDBC Connection [com.mysql.jdbc.JDBC4Connection@7b4c50bc]
2018-12-18 10:54:12,898 1628   [           main] DEBUG ansaction.jdbc.JdbcTransaction  - Resetting autocommit to true on JDBC Connection [com.mysql.jdbc.JDBC4Connection@7b4c50bc]
2018-12-18 10:54:12,972 1702   [           main] DEBUG ansaction.jdbc.JdbcTransaction  - Closing JDBC Connection [com.mysql.jdbc.JDBC4Connection@7b4c50bc]
2018-12-18 10:54:12,973 1703   [           main] DEBUG source.pooled.PooledDataSource  - Returned connection 2068598972 to pool.
2018-12-18 11:07:01,625 0      [           main] DEBUG ache.ibatis.logging.LogFactory  - Logging initialized using 'class org.apache.ibatis.logging.log4j.Log4jImpl' adapter.
2018-12-18 11:07:02,094 469    [           main] DEBUG source.pooled.PooledDataSource  - PooledDataSource forcefully closed/removed all connections.
2018-12-18 11:07:02,094 469    [           main] DEBUG source.pooled.PooledDataSource  - PooledDataSource forcefully closed/removed all connections.
2018-12-18 11:07:02,094 469    [           main] DEBUG source.pooled.PooledDataSource  - PooledDataSource forcefully closed/removed all connections.
2018-12-18 11:07:02,094 469    [           main] DEBUG source.pooled.PooledDataSource  - PooledDataSource forcefully closed/removed all connections.
2018-12-18 11:07:02,297 672    [           main] DEBUG ansaction.jdbc.JdbcTransaction  - Opening JDBC Connection
2018-12-18 11:07:03,407 1782   [           main] DEBUG source.pooled.PooledDataSource  - Created connection 1485089044.
2018-12-18 11:07:03,407 1782   [           main] DEBUG ansaction.jdbc.JdbcTransaction  - Setting autocommit to false on JDBC Connection [com.mysql.jdbc.JDBC4Connection@5884a914]
2018-12-18 11:07:03,563 1938   [           main] DEBUG com.itheima.dao.UserDao.delete  - ==>  Preparing: delete from user where id = ? 
2018-12-18 11:07:03,797 2172   [           main] DEBUG com.itheima.dao.UserDao.delete  - ==> Parameters: 41(Integer)
2018-12-18 11:07:04,016 2391   [           main] DEBUG ansaction.jdbc.JdbcTransaction  - Committing JDBC Connection [com.mysql.jdbc.JDBC4Connection@5884a914]
2018-12-18 11:07:04,141 2516   [           main] DEBUG ansaction.jdbc.JdbcTransaction  - Resetting autocommit to true on JDBC Connection [com.mysql.jdbc.JDBC4Connection@5884a914]
2018-12-18 11:07:04,157 2532   [           main] DEBUG ansaction.jdbc.JdbcTransaction  - Closing JDBC Connection [com.mysql.jdbc.JDBC4Connection@5884a914]
2018-12-18 11:07:04,157 2532   [           main] DEBUG source.pooled.PooledDataSource  - Returned connection 1485089044 to pool.
2018-12-18 11:08:50,637 0      [           main] DEBUG ache.ibatis.logging.LogFactory  - Logging initialized using 'class org.apache.ibatis.logging.log4j.Log4jImpl' adapter.
2018-12-18 11:08:51,012 375    [           main] DEBUG source.pooled.PooledDataSource  - PooledDataSource forcefully closed/removed all connections.
2018-12-18 11:08:51,012 375    [           main] DEBUG source.pooled.PooledDataSource  - PooledDataSource forcefully closed/removed all connections.
2018-12-18 11:08:51,012 375    [           main] DEBUG source.pooled.PooledDataSource  - PooledDataSource forcefully closed/removed all connections.
2018-12-18 11:08:51,012 375    [           main] DEBUG source.pooled.PooledDataSource  - PooledDataSource forcefully closed/removed all connections.
2018-12-18 11:08:51,277 640    [           main] DEBUG ansaction.jdbc.JdbcTransaction  - Opening JDBC Connection
2018-12-18 11:08:52,277 1640   [           main] DEBUG source.pooled.PooledDataSource  - Created connection 1485089044.
2018-12-18 11:08:52,277 1640   [           main] DEBUG ansaction.jdbc.JdbcTransaction  - Setting autocommit to false on JDBC Connection [com.mysql.jdbc.JDBC4Connection@5884a914]
2018-12-18 11:08:52,293 1656   [           main] DEBUG com.itheima.dao.UserDao.delete  - ==>  Preparing: delete from user where id = ? 
2018-12-18 11:08:52,574 1937   [           main] DEBUG com.itheima.dao.UserDao.delete  - ==> Parameters: 41(Integer)
2018-12-18 11:08:52,981 2344   [           main] DEBUG ansaction.jdbc.JdbcTransaction  - Committing JDBC Connection [com.mysql.jdbc.JDBC4Connection@5884a914]
2018-12-18 11:08:53,199 2562   [           main] DEBUG ansaction.jdbc.JdbcTransaction  - Resetting autocommit to true on JDBC Connection [com.mysql.jdbc.JDBC4Connection@5884a914]
2018-12-18 11:08:53,403 2766   [           main] DEBUG ansaction.jdbc.JdbcTransaction  - Closing JDBC Connection [com.mysql.jdbc.JDBC4Connection@5884a914]
2018-12-18 11:08:53,403 2766   [           main] DEBUG source.pooled.PooledDataSource  - Returned connection 1485089044 to pool.
2018-12-18 11:27:24,859 0      [           main] DEBUG ache.ibatis.logging.LogFactory  - Logging initialized using 'class org.apache.ibatis.logging.log4j.Log4jImpl' adapter.
2018-12-18 11:27:25,156 297    [           main] DEBUG source.pooled.PooledDataSource  - PooledDataSource forcefully closed/removed all connections.
2018-12-18 11:27:25,156 297    [           main] DEBUG source.pooled.PooledDataSource  - PooledDataSource forcefully closed/removed all connections.
2018-12-18 11:27:25,156 297    [           main] DEBUG source.pooled.PooledDataSource  - PooledDataSource forcefully closed/removed all connections.
2018-12-18 11:27:25,156 297    [           main] DEBUG source.pooled.PooledDataSource  - PooledDataSource forcefully closed/removed all connections.
2018-12-18 11:27:25,390 531    [           main] DEBUG ansaction.jdbc.JdbcTransaction  - Opening JDBC Connection
2018-12-18 11:27:26,828 1969   [           main] DEBUG source.pooled.PooledDataSource  - Created connection 1485089044.
2018-12-18 11:27:26,828 1969   [           main] DEBUG ansaction.jdbc.JdbcTransaction  - Setting autocommit to false on JDBC Connection [com.mysql.jdbc.JDBC4Connection@5884a914]
2018-12-18 11:27:26,859 2000   [           main] DEBUG com.itheima.dao.UserDao.update  - ==>  Preparing: update user set username=?,birthday=?,sex=?,address=?,where id=? 
2018-12-18 11:27:27,109 2250   [           main] DEBUG com.itheima.dao.UserDao.update  - ==> Parameters: 帅(String), 2018-12-18 11:27:25.374(Timestamp), 男(String), 1005(String), 48(Integer)
2018-12-18 11:27:27,265 2406   [           main] DEBUG ansaction.jdbc.JdbcTransaction  - Committing JDBC Connection [com.mysql.jdbc.JDBC4Connection@5884a914]
2018-12-18 11:27:27,312 2453   [           main] DEBUG ansaction.jdbc.JdbcTransaction  - Resetting autocommit to true on JDBC Connection [com.mysql.jdbc.JDBC4Connection@5884a914]
2018-12-18 11:27:27,328 2469   [           main] DEBUG ansaction.jdbc.JdbcTransaction  - Closing JDBC Connection [com.mysql.jdbc.JDBC4Connection@5884a914]
2018-12-18 11:27:27,328 2469   [           main] DEBUG source.pooled.PooledDataSource  - Returned connection 1485089044 to pool.
2018-12-18 11:29:39,504 0      [           main] DEBUG ache.ibatis.logging.LogFactory  - Logging initialized using 'class org.apache.ibatis.logging.log4j.Log4jImpl' adapter.
2018-12-18 11:29:39,832 328    [           main] DEBUG source.pooled.PooledDataSource  - PooledDataSource forcefully closed/removed all connections.
2018-12-18 11:29:39,832 328    [           main] DEBUG source.pooled.PooledDataSource  - PooledDataSource forcefully closed/removed all connections.
2018-12-18 11:29:39,832 328    [           main] DEBUG source.pooled.PooledDataSource  - PooledDataSource forcefully closed/removed all connections.
2018-12-18 11:29:39,832 328    [           main] DEBUG source.pooled.PooledDataSource  - PooledDataSource forcefully closed/removed all connections.
2018-12-18 11:29:39,988 484    [           main] DEBUG ansaction.jdbc.JdbcTransaction  - Opening JDBC Connection
2018-12-18 11:29:40,644 1140   [           main] DEBUG source.pooled.PooledDataSource  - Created connection 1485089044.
2018-12-18 11:29:40,644 1140   [           main] DEBUG ansaction.jdbc.JdbcTransaction  - Setting autocommit to false on JDBC Connection [com.mysql.jdbc.JDBC4Connection@5884a914]
2018-12-18 11:29:40,691 1187   [           main] DEBUG com.itheima.dao.UserDao.update  - ==>  Preparing: update user set username=?,birthday=?,sex=?,address=?,where id=? 
2018-12-18 11:29:40,815 1311   [           main] DEBUG com.itheima.dao.UserDao.update  - ==> Parameters: 帅(String), 2018-12-18 11:29:39.972(Timestamp), 男(String), 1005(String), 49(Integer)
2018-12-18 11:29:40,838 1334   [           main] DEBUG ansaction.jdbc.JdbcTransaction  - Committing JDBC Connection [com.mysql.jdbc.JDBC4Connection@5884a914]
2018-12-18 11:29:40,904 1400   [           main] DEBUG ansaction.jdbc.JdbcTransaction  - Resetting autocommit to true on JDBC Connection [com.mysql.jdbc.JDBC4Connection@5884a914]
2018-12-18 11:29:40,919 1415   [           main] DEBUG ansaction.jdbc.JdbcTransaction  - Closing JDBC Connection [com.mysql.jdbc.JDBC4Connection@5884a914]
2018-12-18 11:29:40,919 1415   [           main] DEBUG source.pooled.PooledDataSource  - Returned connection 1485089044 to pool.
2018-12-18 11:31:18,969 0      [           main] DEBUG ache.ibatis.logging.LogFactory  - Logging initialized using 'class org.apache.ibatis.logging.log4j.Log4jImpl' adapter.
2018-12-18 11:31:19,250 281    [           main] DEBUG source.pooled.PooledDataSource  - PooledDataSource forcefully closed/removed all connections.
2018-12-18 11:31:19,250 281    [           main] DEBUG source.pooled.PooledDataSource  - PooledDataSource forcefully closed/removed all connections.
2018-12-18 11:31:19,250 281    [           main] DEBUG source.pooled.PooledDataSource  - PooledDataSource forcefully closed/removed all connections.
2018-12-18 11:31:19,250 281    [           main] DEBUG source.pooled.PooledDataSource  - PooledDataSource forcefully closed/removed all connections.
2018-12-18 11:31:19,469 500    [           main] DEBUG ansaction.jdbc.JdbcTransaction  - Opening JDBC Connection
2018-12-18 11:31:20,469 1500   [           main] DEBUG source.pooled.PooledDataSource  - Created connection 1485089044.
2018-12-18 11:31:20,469 1500   [           main] DEBUG ansaction.jdbc.JdbcTransaction  - Setting autocommit to false on JDBC Connection [com.mysql.jdbc.JDBC4Connection@5884a914]
2018-12-18 11:31:20,532 1563   [           main] DEBUG com.itheima.dao.UserDao.update  - ==>  Preparing: update user set username=?,birthday=?,sex=?,address=? where id=? 
2018-12-18 11:31:20,719 1750   [           main] DEBUG com.itheima.dao.UserDao.update  - ==> Parameters: 帅(String), 2018-12-18 11:31:19.453(Timestamp), 男(String), 1005(String), 49(Integer)
2018-12-18 11:31:20,735 1766   [           main] DEBUG com.itheima.dao.UserDao.update  - <==    Updates: 1
2018-12-18 11:31:20,735 1766   [           main] DEBUG ansaction.jdbc.JdbcTransaction  - Committing JDBC Connection [com.mysql.jdbc.JDBC4Connection@5884a914]
2018-12-18 11:31:20,891 1922   [           main] DEBUG ansaction.jdbc.JdbcTransaction  - Resetting autocommit to true on JDBC Connection [com.mysql.jdbc.JDBC4Connection@5884a914]
2018-12-18 11:31:20,891 1922   [           main] DEBUG ansaction.jdbc.JdbcTransaction  - Closing JDBC Connection [com.mysql.jdbc.JDBC4Connection@5884a914]
2018-12-18 11:31:20,891 1922   [           main] DEBUG source.pooled.PooledDataSource  - Returned connection 1485089044 to pool.
2018-12-18 11:31:54,415 0      [           main] DEBUG ache.ibatis.logging.LogFactory  - Logging initialized using 'class org.apache.ibatis.logging.log4j.Log4jImpl' adapter.
2018-12-18 11:31:54,680 265    [           main] DEBUG source.pooled.PooledDataSource  - PooledDataSource forcefully closed/removed all connections.
2018-12-18 11:31:54,680 265    [           main] DEBUG source.pooled.PooledDataSource  - PooledDataSource forcefully closed/removed all connections.
2018-12-18 11:31:54,680 265    [           main] DEBUG source.pooled.PooledDataSource  - PooledDataSource forcefully closed/removed all connections.
2018-12-18 11:31:54,680 265    [           main] DEBUG source.pooled.PooledDataSource  - PooledDataSource forcefully closed/removed all connections.
2018-12-18 11:31:54,837 422    [           main] DEBUG ansaction.jdbc.JdbcTransaction  - Opening JDBC Connection
2018-12-18 11:31:55,433 1018   [           main] DEBUG source.pooled.PooledDataSource  - Created connection 1485089044.
2018-12-18 11:31:55,449 1034   [           main] DEBUG ansaction.jdbc.JdbcTransaction  - Setting autocommit to false on JDBC Connection [com.mysql.jdbc.JDBC4Connection@5884a914]
2018-12-18 11:31:55,465 1050   [           main] DEBUG com.itheima.dao.UserDao.delete  - ==>  Preparing: delete from user where id = ? 
2018-12-18 11:31:55,605 1190   [           main] DEBUG com.itheima.dao.UserDao.delete  - ==> Parameters: 41(Integer)
2018-12-18 11:31:55,668 1253   [           main] DEBUG ansaction.jdbc.JdbcTransaction  - Committing JDBC Connection [com.mysql.jdbc.JDBC4Connection@5884a914]
2018-12-18 11:31:55,808 1393   [           main] DEBUG ansaction.jdbc.JdbcTransaction  - Resetting autocommit to true on JDBC Connection [com.mysql.jdbc.JDBC4Connection@5884a914]
2018-12-18 11:31:55,808 1393   [           main] DEBUG ansaction.jdbc.JdbcTransaction  - Closing JDBC Connection [com.mysql.jdbc.JDBC4Connection@5884a914]
2018-12-18 11:31:55,808 1393   [           main] DEBUG source.pooled.PooledDataSource  - Returned connection 1485089044 to pool.
2018-12-18 11:33:33,025 0      [           main] DEBUG ache.ibatis.logging.LogFactory  - Logging initialized using 'class org.apache.ibatis.logging.log4j.Log4jImpl' adapter.
2018-12-18 11:33:33,303 278    [           main] DEBUG source.pooled.PooledDataSource  - PooledDataSource forcefully closed/removed all connections.
2018-12-18 11:33:33,303 278    [           main] DEBUG source.pooled.PooledDataSource  - PooledDataSource forcefully closed/removed all connections.
2018-12-18 11:33:33,303 278    [           main] DEBUG source.pooled.PooledDataSource  - PooledDataSource forcefully closed/removed all connections.
2018-12-18 11:33:33,303 278    [           main] DEBUG source.pooled.PooledDataSource  - PooledDataSource forcefully closed/removed all connections.
2018-12-18 11:33:33,495 470    [           main] DEBUG ansaction.jdbc.JdbcTransaction  - Opening JDBC Connection
2018-12-18 11:33:34,258 1233   [           main] DEBUG source.pooled.PooledDataSource  - Created connection 1485089044.
2018-12-18 11:33:34,258 1233   [           main] DEBUG ansaction.jdbc.JdbcTransaction  - Setting autocommit to false on JDBC Connection [com.mysql.jdbc.JDBC4Connection@5884a914]
2018-12-18 11:33:34,273 1248   [           main] DEBUG com.itheima.dao.UserDao.delete  - ==>  Preparing: delete from user where id = ? 
2018-12-18 11:33:34,435 1410   [           main] DEBUG com.itheima.dao.UserDao.delete  - ==> Parameters: 49(Integer)
2018-12-18 11:33:34,437 1412   [           main] DEBUG com.itheima.dao.UserDao.delete  - <==    Updates: 1
2018-12-18 11:33:34,437 1412   [           main] DEBUG ansaction.jdbc.JdbcTransaction  - Committing JDBC Connection [com.mysql.jdbc.JDBC4Connection@5884a914]
2018-12-18 11:33:34,562 1537   [           main] DEBUG ansaction.jdbc.JdbcTransaction  - Resetting autocommit to true on JDBC Connection [com.mysql.jdbc.JDBC4Connection@5884a914]
2018-12-18 11:33:34,562 1537   [           main] DEBUG ansaction.jdbc.JdbcTransaction  - Closing JDBC Connection [com.mysql.jdbc.JDBC4Connection@5884a914]
2018-12-18 11:33:34,562 1537   [           main] DEBUG source.pooled.PooledDataSource  - Returned connection 1485089044 to pool.
2018-12-18 11:33:59,597 0      [           main] DEBUG ache.ibatis.logging.LogFactory  - Logging initialized using 'class org.apache.ibatis.logging.log4j.Log4jImpl' adapter.
2018-12-18 11:33:59,816 219    [           main] DEBUG source.pooled.PooledDataSource  - PooledDataSource forcefully closed/removed all connections.
2018-12-18 11:33:59,816 219    [           main] DEBUG source.pooled.PooledDataSource  - PooledDataSource forcefully closed/removed all connections.
2018-12-18 11:33:59,816 219    [           main] DEBUG source.pooled.PooledDataSource  - PooledDataSource forcefully closed/removed all connections.
2018-12-18 11:33:59,816 219    [           main] DEBUG source.pooled.PooledDataSource  - PooledDataSource forcefully closed/removed all connections.
2018-12-18 11:34:00,035 438    [           main] DEBUG ansaction.jdbc.JdbcTransaction  - Opening JDBC Connection
2018-12-18 11:34:00,941 1344   [           main] DEBUG source.pooled.PooledDataSource  - Created connection 1485089044.
2018-12-18 11:34:00,941 1344   [           main] DEBUG ansaction.jdbc.JdbcTransaction  - Setting autocommit to false on JDBC Connection [com.mysql.jdbc.JDBC4Connection@5884a914]
2018-12-18 11:34:01,003 1406   [           main] DEBUG com.itheima.dao.UserDao.delete  - ==>  Preparing: delete from user where id = ? 
2018-12-18 11:34:01,206 1609   [           main] DEBUG com.itheima.dao.UserDao.delete  - ==> Parameters: 43(Integer)
2018-12-18 11:34:01,222 1625   [           main] DEBUG com.itheima.dao.UserDao.delete  - <==    Updates: 1
2018-12-18 11:34:01,222 1625   [           main] DEBUG ansaction.jdbc.JdbcTransaction  - Committing JDBC Connection [com.mysql.jdbc.JDBC4Connection@5884a914]
2018-12-18 11:34:01,363 1766   [           main] DEBUG ansaction.jdbc.JdbcTransaction  - Resetting autocommit to true on JDBC Connection [com.mysql.jdbc.JDBC4Connection@5884a914]
2018-12-18 11:34:01,441 1844   [           main] DEBUG ansaction.jdbc.JdbcTransaction  - Closing JDBC Connection [com.mysql.jdbc.JDBC4Connection@5884a914]
2018-12-18 11:34:01,441 1844   [           main] DEBUG source.pooled.PooledDataSource  - Returned connection 1485089044 to pool.
2018-12-18 11:34:12,836 0      [           main] DEBUG ache.ibatis.logging.LogFactory  - Logging initialized using 'class org.apache.ibatis.logging.log4j.Log4jImpl' adapter.
2018-12-18 11:34:13,257 421    [           main] DEBUG source.pooled.PooledDataSource  - PooledDataSource forcefully closed/removed all connections.
2018-12-18 11:34:13,257 421    [           main] DEBUG source.pooled.PooledDataSource  - PooledDataSource forcefully closed/removed all connections.
2018-12-18 11:34:13,257 421    [           main] DEBUG source.pooled.PooledDataSource  - PooledDataSource forcefully closed/removed all connections.
2018-12-18 11:34:13,257 421    [           main] DEBUG source.pooled.PooledDataSource  - PooledDataSource forcefully closed/removed all connections.
2018-12-18 11:34:13,523 687    [           main] DEBUG ansaction.jdbc.JdbcTransaction  - Opening JDBC Connection
2018-12-18 11:34:14,554 1718   [           main] DEBUG source.pooled.PooledDataSource  - Created connection 1485089044.
2018-12-18 11:34:14,554 1718   [           main] DEBUG ansaction.jdbc.JdbcTransaction  - Setting autocommit to false on JDBC Connection [com.mysql.jdbc.JDBC4Connection@5884a914]
2018-12-18 11:34:14,570 1734   [           main] DEBUG com.itheima.dao.UserDao.update  - ==>  Preparing: update user set username=?,birthday=?,sex=?,address=? where id=? 
2018-12-18 11:34:14,695 1859   [           main] DEBUG com.itheima.dao.UserDao.update  - ==> Parameters: 帅(String), 2018-12-18 11:34:13.507(Timestamp), 男(String), 1005(String), 49(Integer)
2018-12-18 11:34:14,757 1921   [           main] DEBUG com.itheima.dao.UserDao.update  - <==    Updates: 0
2018-12-18 11:34:14,757 1921   [           main] DEBUG ansaction.jdbc.JdbcTransaction  - Committing JDBC Connection [com.mysql.jdbc.JDBC4Connection@5884a914]
2018-12-18 11:34:14,773 1937   [           main] DEBUG ansaction.jdbc.JdbcTransaction  - Resetting autocommit to true on JDBC Connection [com.mysql.jdbc.JDBC4Connection@5884a914]
2018-12-18 11:34:14,773 1937   [           main] DEBUG ansaction.jdbc.JdbcTransaction  - Closing JDBC Connection [com.mysql.jdbc.JDBC4Connection@5884a914]
2018-12-18 11:34:14,773 1937   [           main] DEBUG source.pooled.PooledDataSource  - Returned connection 1485089044 to pool.
2018-12-18 11:38:44,681 0      [           main] DEBUG ache.ibatis.logging.LogFactory  - Logging initialized using 'class org.apache.ibatis.logging.log4j.Log4jImpl' adapter.
2018-12-18 11:38:44,915 234    [           main] DEBUG source.pooled.PooledDataSource  - PooledDataSource forcefully closed/removed all connections.
2018-12-18 11:38:44,915 234    [           main] DEBUG source.pooled.PooledDataSource  - PooledDataSource forcefully closed/removed all connections.
2018-12-18 11:38:44,915 234    [           main] DEBUG source.pooled.PooledDataSource  - PooledDataSource forcefully closed/removed all connections.
2018-12-18 11:38:44,915 234    [           main] DEBUG source.pooled.PooledDataSource  - PooledDataSource forcefully closed/removed all connections.
2018-12-18 11:38:45,150 469    [           main] DEBUG ansaction.jdbc.JdbcTransaction  - Opening JDBC Connection
2018-12-18 11:38:45,962 1281   [           main] DEBUG source.pooled.PooledDataSource  - Created connection 1649320501.
2018-12-18 11:38:45,962 1281   [           main] DEBUG ansaction.jdbc.JdbcTransaction  - Setting autocommit to false on JDBC Connection [com.mysql.jdbc.JDBC4Connection@624ea235]
2018-12-18 11:38:45,962 1281   [           main] DEBUG m.itheima.dao.UserDao.findById  - ==>  Preparing: select * from user where id = ? 
2018-12-18 11:38:46,134 1453   [           main] DEBUG m.itheima.dao.UserDao.findById  - ==> Parameters: 46(Integer)
2018-12-18 11:38:46,212 1531   [           main] DEBUG m.itheima.dao.UserDao.findById  - <==      Total: 1
2018-12-18 11:38:46,259 1578   [           main] DEBUG ansaction.jdbc.JdbcTransaction  - Resetting autocommit to true on JDBC Connection [com.mysql.jdbc.JDBC4Connection@624ea235]
2018-12-18 11:38:46,337 1656   [           main] DEBUG ansaction.jdbc.JdbcTransaction  - Closing JDBC Connection [com.mysql.jdbc.JDBC4Connection@624ea235]
2018-12-18 11:38:46,337 1656   [           main] DEBUG source.pooled.PooledDataSource  - Returned connection 1649320501 to pool.
2018-12-18 11:39:07,597 0      [           main] DEBUG ache.ibatis.logging.LogFactory  - Logging initialized using 'class org.apache.ibatis.logging.log4j.Log4jImpl' adapter.
2018-12-18 11:39:07,820 223    [           main] DEBUG source.pooled.PooledDataSource  - PooledDataSource forcefully closed/removed all connections.
2018-12-18 11:39:07,822 225    [           main] DEBUG source.pooled.PooledDataSource  - PooledDataSource forcefully closed/removed all connections.
2018-12-18 11:39:07,822 225    [           main] DEBUG source.pooled.PooledDataSource  - PooledDataSource forcefully closed/removed all connections.
2018-12-18 11:39:07,822 225    [           main] DEBUG source.pooled.PooledDataSource  - PooledDataSource forcefully closed/removed all connections.
2018-12-18 11:39:08,070 473    [           main] DEBUG ansaction.jdbc.JdbcTransaction  - Opening JDBC Connection
2018-12-18 11:39:09,185 1588   [           main] DEBUG source.pooled.PooledDataSource  - Created connection 84113572.
2018-12-18 11:39:09,185 1588   [           main] DEBUG ansaction.jdbc.JdbcTransaction  - Setting autocommit to false on JDBC Connection [com.mysql.jdbc.JDBC4Connection@50378a4]
2018-12-18 11:39:09,215 1618   [           main] DEBUG com.itheima.dao.UserDao.update  - ==>  Preparing: update user set username=?,birthday=?,sex=?,address=? where id=? 
2018-12-18 11:39:09,528 1931   [           main] DEBUG com.itheima.dao.UserDao.update  - ==> Parameters: 帅(String), 2018-12-18 11:39:08.055(Timestamp), 男(String), 1005(String), 43(Integer)
2018-12-18 11:39:09,548 1951   [           main] DEBUG com.itheima.dao.UserDao.update  - <==    Updates: 0
2018-12-18 11:39:09,548 1951   [           main] DEBUG ansaction.jdbc.JdbcTransaction  - Committing JDBC Connection [com.mysql.jdbc.JDBC4Connection@50378a4]
2018-12-18 11:39:09,550 1953   [           main] DEBUG ansaction.jdbc.JdbcTransaction  - Resetting autocommit to true on JDBC Connection [com.mysql.jdbc.JDBC4Connection@50378a4]
2018-12-18 11:39:09,552 1955   [           main] DEBUG ansaction.jdbc.JdbcTransaction  - Closing JDBC Connection [com.mysql.jdbc.JDBC4Connection@50378a4]
2018-12-18 11:39:09,553 1956   [           main] DEBUG source.pooled.PooledDataSource  - Returned connection 84113572 to pool.
2018-12-18 11:39:30,420 0      [           main] DEBUG ache.ibatis.logging.LogFactory  - Logging initialized using 'class org.apache.ibatis.logging.log4j.Log4jImpl' adapter.
2018-12-18 11:39:30,748 328    [           main] DEBUG source.pooled.PooledDataSource  - PooledDataSource forcefully closed/removed all connections.
2018-12-18 11:39:30,748 328    [           main] DEBUG source.pooled.PooledDataSource  - PooledDataSource forcefully closed/removed all connections.
2018-12-18 11:39:30,748 328    [           main] DEBUG source.pooled.PooledDataSource  - PooledDataSource forcefully closed/removed all connections.
2018-12-18 11:39:30,748 328    [           main] DEBUG source.pooled.PooledDataSource  - PooledDataSource forcefully closed/removed all connections.
2018-12-18 11:39:30,935 515    [           main] DEBUG ansaction.jdbc.JdbcTransaction  - Opening JDBC Connection
2018-12-18 11:39:31,904 1484   [           main] DEBUG source.pooled.PooledDataSource  - Created connection 84113572.
2018-12-18 11:39:31,904 1484   [           main] DEBUG ansaction.jdbc.JdbcTransaction  - Setting autocommit to false on JDBC Connection [com.mysql.jdbc.JDBC4Connection@50378a4]
2018-12-18 11:39:31,904 1484   [           main] DEBUG com.itheima.dao.UserDao.update  - ==>  Preparing: update user set username=?,birthday=?,sex=?,address=? where id=? 
2018-12-18 11:39:32,138 1718   [           main] DEBUG com.itheima.dao.UserDao.update  - ==> Parameters: 巨帅(String), 2018-12-18 11:39:30.92(Timestamp), 男(String), 1005(String), 44(Integer)
2018-12-18 11:39:32,373 1953   [           main] DEBUG com.itheima.dao.UserDao.update  - <==    Updates: 0
2018-12-18 11:39:32,373 1953   [           main] DEBUG ansaction.jdbc.JdbcTransaction  - Committing JDBC Connection [com.mysql.jdbc.JDBC4Connection@50378a4]
2018-12-18 11:39:32,388 1968   [           main] DEBUG ansaction.jdbc.JdbcTransaction  - Resetting autocommit to true on JDBC Connection [com.mysql.jdbc.JDBC4Connection@50378a4]
2018-12-18 11:39:32,388 1968   [           main] DEBUG ansaction.jdbc.JdbcTransaction  - Closing JDBC Connection [com.mysql.jdbc.JDBC4Connection@50378a4]
2018-12-18 11:39:32,388 1968   [           main] DEBUG source.pooled.PooledDataSource  - Returned connection 84113572 to pool.
2018-12-18 11:39:44,581 0      [           main] DEBUG ache.ibatis.logging.LogFactory  - Logging initialized using 'class org.apache.ibatis.logging.log4j.Log4jImpl' adapter.
2018-12-18 11:39:44,800 219    [           main] DEBUG source.pooled.PooledDataSource  - PooledDataSource forcefully closed/removed all connections.
2018-12-18 11:39:44,800 219    [           main] DEBUG source.pooled.PooledDataSource  - PooledDataSource forcefully closed/removed all connections.
2018-12-18 11:39:44,800 219    [           main] DEBUG source.pooled.PooledDataSource  - PooledDataSource forcefully closed/removed all connections.
2018-12-18 11:39:44,800 219    [           main] DEBUG source.pooled.PooledDataSource  - PooledDataSource forcefully closed/removed all connections.
2018-12-18 11:39:44,987 406    [           main] DEBUG ansaction.jdbc.JdbcTransaction  - Opening JDBC Connection
2018-12-18 11:39:45,675 1094   [           main] DEBUG source.pooled.PooledDataSource  - Created connection 84113572.
2018-12-18 11:39:45,675 1094   [           main] DEBUG ansaction.jdbc.JdbcTransaction  - Setting autocommit to false on JDBC Connection [com.mysql.jdbc.JDBC4Connection@50378a4]
2018-12-18 11:39:45,675 1094   [           main] DEBUG com.itheima.dao.UserDao.update  - ==>  Preparing: update user set username=?,birthday=?,sex=?,address=? where id=? 
2018-12-18 11:39:45,909 1328   [           main] DEBUG com.itheima.dao.UserDao.update  - ==> Parameters: 贼帅(String), 2018-12-18 11:39:44.972(Timestamp), 男(String), 1005(String), 47(Integer)
2018-12-18 11:39:45,956 1375   [           main] DEBUG com.itheima.dao.UserDao.update  - <==    Updates: 0
2018-12-18 11:39:45,956 1375   [           main] DEBUG ansaction.jdbc.JdbcTransaction  - Committing JDBC Connection [com.mysql.jdbc.JDBC4Connection@50378a4]
2018-12-18 11:39:45,972 1391   [           main] DEBUG ansaction.jdbc.JdbcTransaction  - Resetting autocommit to true on JDBC Connection [com.mysql.jdbc.JDBC4Connection@50378a4]
2018-12-18 11:39:46,003 1422   [           main] DEBUG ansaction.jdbc.JdbcTransaction  - Closing JDBC Connection [com.mysql.jdbc.JDBC4Connection@50378a4]
2018-12-18 11:39:46,003 1422   [           main] DEBUG source.pooled.PooledDataSource  - Returned connection 84113572 to pool.
2018-12-18 11:44:58,248 0      [           main] DEBUG ache.ibatis.logging.LogFactory  - Logging initialized using 'class org.apache.ibatis.logging.log4j.Log4jImpl' adapter.
2018-12-18 11:44:58,545 297    [           main] DEBUG source.pooled.PooledDataSource  - PooledDataSource forcefully closed/removed all connections.
2018-12-18 11:44:58,545 297    [           main] DEBUG source.pooled.PooledDataSource  - PooledDataSource forcefully closed/removed all connections.
2018-12-18 11:44:58,545 297    [           main] DEBUG source.pooled.PooledDataSource  - PooledDataSource forcefully closed/removed all connections.
2018-12-18 11:44:58,545 297    [           main] DEBUG source.pooled.PooledDataSource  - PooledDataSource forcefully closed/removed all connections.
2018-12-18 11:44:58,717 469    [           main] DEBUG ansaction.jdbc.JdbcTransaction  - Opening JDBC Connection
2018-12-18 11:44:59,435 1187   [           main] DEBUG source.pooled.PooledDataSource  - Created connection 959629210.
2018-12-18 11:44:59,435 1187   [           main] DEBUG ansaction.jdbc.JdbcTransaction  - Setting autocommit to false on JDBC Connection [com.mysql.jdbc.JDBC4Connection@3932c79a]
2018-12-18 11:44:59,467 1219   [           main] DEBUG itheima.dao.UserDao.findByName  - ==>  Preparing: select * from user where username like ? 
2018-12-18 11:44:59,638 1390   [           main] DEBUG itheima.dao.UserDao.findByName  - ==> Parameters: %帅%(String)
2018-12-18 11:44:59,685 1437   [           main] DEBUG itheima.dao.UserDao.findByName  - <==      Total: 0
2018-12-18 11:44:59,701 1453   [           main] DEBUG ansaction.jdbc.JdbcTransaction  - Resetting autocommit to true on JDBC Connection [com.mysql.jdbc.JDBC4Connection@3932c79a]
2018-12-18 11:44:59,732 1484   [           main] DEBUG ansaction.jdbc.JdbcTransaction  - Closing JDBC Connection [com.mysql.jdbc.JDBC4Connection@3932c79a]
2018-12-18 11:44:59,748 1500   [           main] DEBUG source.pooled.PooledDataSource  - Returned connection 959629210 to pool.
2018-12-18 13:26:08,112 1      [           main] DEBUG ache.ibatis.logging.LogFactory  - Logging initialized using 'class org.apache.ibatis.logging.log4j.Log4jImpl' adapter.
2018-12-18 13:26:08,541 430    [           main] DEBUG source.pooled.PooledDataSource  - PooledDataSource forcefully closed/removed all connections.
2018-12-18 13:26:08,542 431    [           main] DEBUG source.pooled.PooledDataSource  - PooledDataSource forcefully closed/removed all connections.
2018-12-18 13:26:08,542 431    [           main] DEBUG source.pooled.PooledDataSource  - PooledDataSource forcefully closed/removed all connections.
2018-12-18 13:26:08,542 431    [           main] DEBUG source.pooled.PooledDataSource  - PooledDataSource forcefully closed/removed all connections.
2018-12-18 13:26:08,770 659    [           main] DEBUG ansaction.jdbc.JdbcTransaction  - Opening JDBC Connection
2018-12-18 13:26:09,491 1380   [           main] DEBUG source.pooled.PooledDataSource  - Created connection 959629210.
2018-12-18 13:26:09,492 1381   [           main] DEBUG ansaction.jdbc.JdbcTransaction  - Setting autocommit to false on JDBC Connection [com.mysql.jdbc.JDBC4Connection@3932c79a]
2018-12-18 13:26:09,500 1389   [           main] DEBUG itheima.dao.UserDao.findByName  - ==>  Preparing: select * from user where username like ? 
2018-12-18 13:26:09,619 1508   [           main] DEBUG itheima.dao.UserDao.findByName  - ==> Parameters: %帅%(String)
2018-12-18 13:26:09,661 1550   [           main] DEBUG itheima.dao.UserDao.findByName  - <==      Total: 0
2018-12-18 13:26:09,663 1552   [           main] DEBUG ansaction.jdbc.JdbcTransaction  - Resetting autocommit to true on JDBC Connection [com.mysql.jdbc.JDBC4Connection@3932c79a]
2018-12-18 13:26:09,686 1575   [           main] DEBUG ansaction.jdbc.JdbcTransaction  - Closing JDBC Connection [com.mysql.jdbc.JDBC4Connection@3932c79a]
2018-12-18 13:26:09,686 1575   [           main] DEBUG source.pooled.PooledDataSource  - Returned connection 959629210 to pool.
2018-12-18 13:26:28,256 0      [           main] DEBUG ache.ibatis.logging.LogFactory  - Logging initialized using 'class org.apache.ibatis.logging.log4j.Log4jImpl' adapter.
2018-12-18 13:26:28,510 254    [           main] DEBUG source.pooled.PooledDataSource  - PooledDataSource forcefully closed/removed all connections.
2018-12-18 13:26:28,510 254    [           main] DEBUG source.pooled.PooledDataSource  - PooledDataSource forcefully closed/removed all connections.
2018-12-18 13:26:28,522 266    [           main] DEBUG source.pooled.PooledDataSource  - PooledDataSource forcefully closed/removed all connections.
2018-12-18 13:26:28,522 266    [           main] DEBUG source.pooled.PooledDataSource  - PooledDataSource forcefully closed/removed all connections.
2018-12-18 13:26:28,764 508    [           main] DEBUG ansaction.jdbc.JdbcTransaction  - Opening JDBC Connection
2018-12-18 13:26:29,663 1407   [           main] DEBUG source.pooled.PooledDataSource  - Created connection 959629210.
2018-12-18 13:26:29,664 1408   [           main] DEBUG ansaction.jdbc.JdbcTransaction  - Setting autocommit to false on JDBC Connection [com.mysql.jdbc.JDBC4Connection@3932c79a]
2018-12-18 13:26:29,721 1465   [           main] DEBUG itheima.dao.UserDao.findByName  - ==>  Preparing: select * from user where username like ? 
2018-12-18 13:26:29,916 1660   [           main] DEBUG itheima.dao.UserDao.findByName  - ==> Parameters: %王%(String)
2018-12-18 13:26:29,985 1729   [           main] DEBUG itheima.dao.UserDao.findByName  - <==      Total: 3
2018-12-18 13:26:29,995 1739   [           main] DEBUG ansaction.jdbc.JdbcTransaction  - Resetting autocommit to true on JDBC Connection [com.mysql.jdbc.JDBC4Connection@3932c79a]
2018-12-18 13:26:29,997 1741   [           main] DEBUG ansaction.jdbc.JdbcTransaction  - Closing JDBC Connection [com.mysql.jdbc.JDBC4Connection@3932c79a]
2018-12-18 13:26:29,997 1741   [           main] DEBUG source.pooled.PooledDataSource  - Returned connection 959629210 to pool.
2018-12-18 13:26:49,806 0      [           main] DEBUG ache.ibatis.logging.LogFactory  - Logging initialized using 'class org.apache.ibatis.logging.log4j.Log4jImpl' adapter.
2018-12-18 13:26:50,072 266    [           main] DEBUG source.pooled.PooledDataSource  - PooledDataSource forcefully closed/removed all connections.
2018-12-18 13:26:50,072 266    [           main] DEBUG source.pooled.PooledDataSource  - PooledDataSource forcefully closed/removed all connections.
2018-12-18 13:26:50,072 266    [           main] DEBUG source.pooled.PooledDataSource  - PooledDataSource forcefully closed/removed all connections.
2018-12-18 13:26:50,072 266    [           main] DEBUG source.pooled.PooledDataSource  - PooledDataSource forcefully closed/removed all connections.
2018-12-18 13:26:50,244 438    [           main] DEBUG ansaction.jdbc.JdbcTransaction  - Opening JDBC Connection
2018-12-18 13:26:51,072 1266   [           main] DEBUG source.pooled.PooledDataSource  - Created connection 1626343059.
2018-12-18 13:26:51,072 1266   [           main] DEBUG ansaction.jdbc.JdbcTransaction  - Setting autocommit to false on JDBC Connection [com.mysql.jdbc.JDBC4Connection@60f00693]
2018-12-18 13:26:51,088 1282   [           main] DEBUG    com.itheima.dao.UserDao.add  - ==>  Preparing: insert into user values(null,?,?,?,?) 
2018-12-18 13:26:51,291 1485   [           main] DEBUG    com.itheima.dao.UserDao.add  - ==> Parameters: 喜羊羊(String), 2018-12-18 13:26:50.213(Timestamp), 男(String), 1005(String)
2018-12-18 13:26:51,322 1516   [           main] DEBUG    com.itheima.dao.UserDao.add  - <==    Updates: 1
2018-12-18 13:26:51,322 1516   [           main] DEBUG ansaction.jdbc.JdbcTransaction  - Committing JDBC Connection [com.mysql.jdbc.JDBC4Connection@60f00693]
2018-12-18 13:26:51,369 1563   [           main] DEBUG ansaction.jdbc.JdbcTransaction  - Resetting autocommit to true on JDBC Connection [com.mysql.jdbc.JDBC4Connection@60f00693]
2018-12-18 13:26:51,369 1563   [           main] DEBUG ansaction.jdbc.JdbcTransaction  - Closing JDBC Connection [com.mysql.jdbc.JDBC4Connection@60f00693]
2018-12-18 13:26:51,369 1563   [           main] DEBUG source.pooled.PooledDataSource  - Returned connection 1626343059 to pool.
2018-12-18 13:43:47,779 0      [           main] DEBUG ache.ibatis.logging.LogFactory  - Logging initialized using 'class org.apache.ibatis.logging.log4j.Log4jImpl' adapter.
2018-12-18 13:43:48,029 250    [           main] DEBUG source.pooled.PooledDataSource  - PooledDataSource forcefully closed/removed all connections.
2018-12-18 13:43:48,029 250    [           main] DEBUG source.pooled.PooledDataSource  - PooledDataSource forcefully closed/removed all connections.
2018-12-18 13:43:48,029 250    [           main] DEBUG source.pooled.PooledDataSource  - PooledDataSource forcefully closed/removed all connections.
2018-12-18 13:43:48,029 250    [           main] DEBUG source.pooled.PooledDataSource  - PooledDataSource forcefully closed/removed all connections.
2018-12-18 13:43:48,201 422    [           main] DEBUG ansaction.jdbc.JdbcTransaction  - Opening JDBC Connection
2018-12-18 13:43:48,873 1094   [           main] DEBUG source.pooled.PooledDataSource  - Created connection 1795816257.
2018-12-18 13:43:48,873 1094   [           main] DEBUG ansaction.jdbc.JdbcTransaction  - Setting autocommit to false on JDBC Connection [com.mysql.jdbc.JDBC4Connection@6b09fb41]
2018-12-18 13:43:48,904 1125   [           main] DEBUG .itheima.dao.UserDao.findCount  - ==>  Preparing: selet count(*) from user 
2018-12-18 13:43:49,014 1235   [           main] DEBUG .itheima.dao.UserDao.findCount  - ==> Parameters: 
2018-12-18 13:43:49,029 1250   [           main] DEBUG ansaction.jdbc.JdbcTransaction  - Resetting autocommit to true on JDBC Connection [com.mysql.jdbc.JDBC4Connection@6b09fb41]
2018-12-18 13:43:49,107 1328   [           main] DEBUG ansaction.jdbc.JdbcTransaction  - Closing JDBC Connection [com.mysql.jdbc.JDBC4Connection@6b09fb41]
2018-12-18 13:43:49,107 1328   [           main] DEBUG source.pooled.PooledDataSource  - Returned connection 1795816257 to pool.
2018-12-18 13:44:55,631 0      [           main] DEBUG ache.ibatis.logging.LogFactory  - Logging initialized using 'class org.apache.ibatis.logging.log4j.Log4jImpl' adapter.
2018-12-18 13:44:55,881 250    [           main] DEBUG source.pooled.PooledDataSource  - PooledDataSource forcefully closed/removed all connections.
2018-12-18 13:44:55,881 250    [           main] DEBUG source.pooled.PooledDataSource  - PooledDataSource forcefully closed/removed all connections.
2018-12-18 13:44:55,881 250    [           main] DEBUG source.pooled.PooledDataSource  - PooledDataSource forcefully closed/removed all connections.
2018-12-18 13:44:55,881 250    [           main] DEBUG source.pooled.PooledDataSource  - PooledDataSource forcefully closed/removed all connections.
2018-12-18 13:44:56,131 500    [           main] DEBUG ansaction.jdbc.JdbcTransaction  - Opening JDBC Connection
2018-12-18 13:44:56,865 1234   [           main] DEBUG source.pooled.PooledDataSource  - Created connection 1795816257.
2018-12-18 13:44:56,865 1234   [           main] DEBUG ansaction.jdbc.JdbcTransaction  - Setting autocommit to false on JDBC Connection [com.mysql.jdbc.JDBC4Connection@6b09fb41]
2018-12-18 13:44:56,881 1250   [           main] DEBUG .itheima.dao.UserDao.findCount  - ==>  Preparing: select count(*) from user 
2018-12-18 13:44:57,053 1422   [           main] DEBUG .itheima.dao.UserDao.findCount  - ==> Parameters: 
2018-12-18 13:44:57,131 1500   [           main] DEBUG .itheima.dao.UserDao.findCount  - <==      Total: 1
2018-12-18 13:44:57,146 1515   [           main] DEBUG ansaction.jdbc.JdbcTransaction  - Resetting autocommit to true on JDBC Connection [com.mysql.jdbc.JDBC4Connection@6b09fb41]
2018-12-18 13:44:57,225 1594   [           main] DEBUG ansaction.jdbc.JdbcTransaction  - Closing JDBC Connection [com.mysql.jdbc.JDBC4Connection@6b09fb41]
2018-12-18 13:44:57,225 1594   [           main] DEBUG source.pooled.PooledDataSource  - Returned connection 1795816257 to pool.
2018-12-18 21:40:32,896 0      [           main] DEBUG ache.ibatis.logging.LogFactory  - Logging initialized using 'class org.apache.ibatis.logging.log4j.Log4jImpl' adapter.
2018-12-18 21:40:33,156 260    [           main] DEBUG source.pooled.PooledDataSource  - PooledDataSource forcefully closed/removed all connections.
2018-12-18 21:40:33,156 260    [           main] DEBUG source.pooled.PooledDataSource  - PooledDataSource forcefully closed/removed all connections.
2018-12-18 21:40:33,156 260    [           main] DEBUG source.pooled.PooledDataSource  - PooledDataSource forcefully closed/removed all connections.
2018-12-18 21:40:33,156 260    [           main] DEBUG source.pooled.PooledDataSource  - PooledDataSource forcefully closed/removed all connections.
2018-12-18 21:40:33,356 460    [           main] DEBUG ansaction.jdbc.JdbcTransaction  - Opening JDBC Connection
2018-12-18 21:40:34,246 1350   [           main] DEBUG source.pooled.PooledDataSource  - Created connection 1795816257.
2018-12-18 21:40:34,246 1350   [           main] DEBUG ansaction.jdbc.JdbcTransaction  - Setting autocommit to false on JDBC Connection [com.mysql.jdbc.JDBC4Connection@6b09fb41]
2018-12-18 21:40:34,266 1370   [           main] DEBUG om.itheima.dao.UserDao.findAll  - ==>  Preparing: select * from user 
2018-12-18 21:40:34,446 1550   [           main] DEBUG om.itheima.dao.UserDao.findAll  - ==> Parameters: 
2018-12-18 21:40:34,546 1650   [           main] DEBUG om.itheima.dao.UserDao.findAll  - <==      Total: 6
2018-12-18 21:40:34,606 1710   [           main] DEBUG ansaction.jdbc.JdbcTransaction  - Resetting autocommit to true on JDBC Connection [com.mysql.jdbc.JDBC4Connection@6b09fb41]
2018-12-18 21:40:34,736 1840   [           main] DEBUG ansaction.jdbc.JdbcTransaction  - Closing JDBC Connection [com.mysql.jdbc.JDBC4Connection@6b09fb41]
2018-12-18 21:40:34,736 1840   [           main] DEBUG source.pooled.PooledDataSource  - Returned connection 1795816257 to pool.
2018-12-18 21:54:46,049 0      [           main] DEBUG ache.ibatis.logging.LogFactory  - Logging initialized using 'class org.apache.ibatis.logging.log4j.Log4jImpl' adapter.
2018-12-18 21:54:46,491 442    [           main] DEBUG source.pooled.PooledDataSource  - PooledDataSource forcefully closed/removed all connections.
2018-12-18 21:54:46,491 442    [           main] DEBUG source.pooled.PooledDataSource  - PooledDataSource forcefully closed/removed all connections.
2018-12-18 21:54:46,492 443    [           main] DEBUG source.pooled.PooledDataSource  - PooledDataSource forcefully closed/removed all connections.
2018-12-18 21:54:46,492 443    [           main] DEBUG source.pooled.PooledDataSource  - PooledDataSource forcefully closed/removed all connections.
2018-12-18 21:54:46,696 647    [           main] DEBUG ansaction.jdbc.JdbcTransaction  - Opening JDBC Connection
2018-12-18 21:54:47,369 1320   [           main] DEBUG source.pooled.PooledDataSource  - Created connection 1795816257.
2018-12-18 21:54:47,370 1321   [           main] DEBUG ansaction.jdbc.JdbcTransaction  - Setting autocommit to false on JDBC Connection [com.mysql.jdbc.JDBC4Connection@6b09fb41]
2018-12-18 21:54:47,402 1353   [           main] DEBUG om.itheima.dao.UserDao.findAll  - ==>  Preparing: select * from user 
2018-12-18 21:54:47,517 1468   [           main] DEBUG om.itheima.dao.UserDao.findAll  - ==> Parameters: 
2018-12-18 21:54:47,632 1583   [           main] DEBUG om.itheima.dao.UserDao.findAll  - <==      Total: 6
2018-12-18 21:54:47,646 1597   [           main] DEBUG ansaction.jdbc.JdbcTransaction  - Resetting autocommit to true on JDBC Connection [com.mysql.jdbc.JDBC4Connection@6b09fb41]
2018-12-18 21:54:47,649 1600   [           main] DEBUG ansaction.jdbc.JdbcTransaction  - Closing JDBC Connection [com.mysql.jdbc.JDBC4Connection@6b09fb41]
2018-12-18 21:54:47,649 1600   [           main] DEBUG source.pooled.PooledDataSource  - Returned connection 1795816257 to pool.
